2026-05-20 12:04:35,053 INFO o.a.j.u.JMeterUtils: Setting Locale to en_EN
2026-05-20 12:04:35,120 INFO o.a.j.JMeter: Loading user properties from: C:\jmeter\apache-jmeter-5.6.3\bin\user.properties
2026-05-20 12:04:35,142 INFO o.a.j.JMeter: Loading system properties from: C:\jmeter\apache-jmeter-5.6.3\bin\system.properties
2026-05-20 12:04:35,146 INFO o.a.j.JMeter: Copyright (c) 1998-2024 The Apache Software Foundation
2026-05-20 12:04:35,146 INFO o.a.j.JMeter: Version 5.6.3
2026-05-20 12:04:35,146 INFO o.a.j.JMeter: java.version=17.0.19
2026-05-20 12:04:35,146 INFO o.a.j.JMeter: java.vm.name=OpenJDK 64-Bit Server VM
2026-05-20 12:04:35,146 INFO o.a.j.JMeter: os.name=Windows 11
2026-05-20 12:04:35,146 INFO o.a.j.JMeter: os.arch=amd64
2026-05-20 12:04:35,146 INFO o.a.j.JMeter: os.version=10.0
2026-05-20 12:04:35,146 INFO o.a.j.JMeter: file.encoding=Cp1251
2026-05-20 12:04:35,146 INFO o.a.j.JMeter: java.awt.headless=true
2026-05-20 12:04:35,146 INFO o.a.j.JMeter: Max memory     =1073741824
2026-05-20 12:04:35,146 INFO o.a.j.JMeter: Available Processors =12
2026-05-20 12:04:35,156 INFO o.a.j.JMeter: Default Locale=English (EN)
2026-05-20 12:04:35,156 INFO o.a.j.JMeter: JMeter  Locale=English (EN)
2026-05-20 12:04:35,156 INFO o.a.j.JMeter: JMeterHome=C:\jmeter\apache-jmeter-5.6.3
2026-05-20 12:04:35,156 INFO o.a.j.JMeter: user.dir  =C:\jmeter\jmeter-performance-testing
2026-05-20 12:04:35,158 INFO o.a.j.JMeter: PWD       =C:\jmeter\jmeter-performance-testing
2026-05-20 12:04:40,560 INFO o.a.j.JMeter: IP: 192.168.56.1 Name: Danilk FullName: Danilk
2026-05-20 12:04:40,585 INFO o.a.j.JMeter: Setting property 'jmeter.reportgenerator.outputdir' to:'C:\jmeter\jmeter-performance-testing\reports\html_report_task4_endurance'
2026-05-20 12:04:40,589 INFO o.a.j.s.FileServer: Default base='C:\jmeter\jmeter-performance-testing'
2026-05-20 12:04:40,589 INFO o.a.j.s.FileServer: Set new base='C:\jmeter\jmeter-performance-testing\test-plans'
2026-05-20 12:04:40,811 INFO o.a.j.s.SaveService: Testplan (JMX) version: 2.2. Testlog (JTL) version: 2.2
2026-05-20 12:04:40,857 INFO o.a.j.s.SaveService: Using SaveService properties version 5.0
2026-05-20 12:04:40,860 INFO o.a.j.s.SaveService: Using SaveService properties file encoding UTF-8
2026-05-20 12:04:40,861 INFO o.a.j.s.SaveService: Loading file: C:\jmeter\jmeter-performance-testing\test-plans\endurance_test_task4_step1.jmx
2026-05-20 12:04:40,994 INFO o.a.j.p.h.s.HTTPSamplerBase: Parser for text/html is org.apache.jmeter.protocol.http.parser.LagartoBasedHtmlParser
2026-05-20 12:04:40,994 INFO o.a.j.p.h.s.HTTPSamplerBase: Parser for application/xhtml+xml is org.apache.jmeter.protocol.http.parser.LagartoBasedHtmlParser
2026-05-20 12:04:40,994 INFO o.a.j.p.h.s.HTTPSamplerBase: Parser for application/xml is org.apache.jmeter.protocol.http.parser.LagartoBasedHtmlParser
2026-05-20 12:04:40,994 INFO o.a.j.p.h.s.HTTPSamplerBase: Parser for text/xml is org.apache.jmeter.protocol.http.parser.LagartoBasedHtmlParser
2026-05-20 12:04:40,994 INFO o.a.j.p.h.s.HTTPSamplerBase: Parser for text/vnd.wap.wml is org.apache.jmeter.protocol.http.parser.RegexpHTMLParser
2026-05-20 12:04:40,994 INFO o.a.j.p.h.s.HTTPSamplerBase: Parser for text/css is org.apache.jmeter.protocol.http.parser.CssParser
2026-05-20 12:04:41,031 INFO o.a.j.JMeter: Creating summariser <summary>
2026-05-20 12:04:41,035 INFO o.a.j.r.d.ReportGenerator: ReportGenerator will use for Parsing the separator: ','
2026-05-20 12:04:41,035 INFO o.a.j.r.d.ReportGenerator: Will generate report at end of test from  results file: C:\jmeter\jmeter-performance-testing\results\results_task4_endurance.jtl
2026-05-20 12:04:41,039 INFO o.a.j.r.d.ReportGenerator: Reading report generator properties from: C:\jmeter\apache-jmeter-5.6.3\bin\reportgenerator.properties
2026-05-20 12:04:41,060 INFO o.a.j.r.d.ReportGenerator: Merging with JMeter properties
2026-05-20 12:04:41,068 INFO o.a.j.r.c.ReportGeneratorConfiguration: Property 'jmeter.reportgenerator.temp_dir' not found, using default value 'temp' instead.
2026-05-20 12:04:41,081 INFO o.a.j.r.c.ReportGeneratorConfiguration: Property 'jmeter.reportgenerator.apdex_per_transaction' not found, using default value 'null' instead.
2026-05-20 12:04:41,081 INFO o.a.j.r.c.ReportGeneratorConfiguration: apdex_per_transaction is empty, not APDEX per transaction customization
2026-05-20 12:04:41,081 INFO o.a.j.r.c.ReportGeneratorConfiguration: Property 'jmeter.reportgenerator.sample_filter' not found, using default value 'null' instead.
2026-05-20 12:04:41,081 INFO o.a.j.r.c.ReportGeneratorConfiguration: Property 'jmeter.reportgenerator.report_title' not found, using default value 'null' instead.
2026-05-20 12:04:41,081 INFO o.a.j.r.c.ReportGeneratorConfiguration: Property 'jmeter.reportgenerator.start_date' not found, using default value 'null' instead.
2026-05-20 12:04:41,081 INFO o.a.j.r.c.ReportGeneratorConfiguration: Property 'jmeter.reportgenerator.end_date' not found, using default value 'null' instead.
2026-05-20 12:04:41,081 INFO o.a.j.r.c.ReportGeneratorConfiguration: Property 'jmeter.reportgenerator.date_format' not found, using default value 'null' instead.
2026-05-20 12:04:41,081 INFO o.a.j.r.c.ReportGeneratorConfiguration: Will use date range start date: null, end date: null
2026-05-20 12:04:41,089 INFO o.a.j.r.c.ReportGeneratorConfiguration: Property 'jmeter.reportgenerator.graph.totalTPS.exclude_controllers' not found, using default value 'false' instead.
2026-05-20 12:04:41,089 INFO o.a.j.r.c.ReportGeneratorConfiguration: Property 'jmeter.reportgenerator.graph.activeThreadsOverTime.exclude_controllers' not found, using default value 'false' instead.
2026-05-20 12:04:41,089 INFO o.a.j.r.c.ReportGeneratorConfiguration: Property 'jmeter.reportgenerator.graph.timeVsThreads.exclude_controllers' not found, using default value 'false' instead.
2026-05-20 12:04:41,089 INFO o.a.j.r.c.ReportGeneratorConfiguration: Property 'jmeter.reportgenerator.graph.responseTimeDistribution.exclude_controllers' not found, using default value 'false' instead.
2026-05-20 12:04:41,089 INFO o.a.j.r.c.ReportGeneratorConfiguration: Property 'jmeter.reportgenerator.graph.transactionsPerSecond.exclude_controllers' not found, using default value 'false' instead.
2026-05-20 12:04:41,089 INFO o.a.j.r.c.ReportGeneratorConfiguration: Property 'jmeter.reportgenerator.graph.responseTimePercentiles.exclude_controllers' not found, using default value 'false' instead.
2026-05-20 12:04:41,090 INFO o.a.j.r.c.ReportGeneratorConfiguration: Property 'jmeter.reportgenerator.graph.responseTimePercentilesOverTime.exclude_controllers' not found, using default value 'false' instead.
2026-05-20 12:04:41,090 INFO o.a.j.r.c.ReportGeneratorConfiguration: Property 'jmeter.reportgenerator.graph.responseTimesOverTime.exclude_controllers' not found, using default value 'false' instead.
2026-05-20 12:04:41,090 INFO o.a.j.r.c.ReportGeneratorConfiguration: Property 'jmeter.reportgenerator.graph.connectTimeOverTime.exclude_controllers' not found, using default value 'false' instead.
2026-05-20 12:04:41,090 INFO o.a.j.r.c.ReportGeneratorConfiguration: Property 'jmeter.reportgenerator.graph.latenciesOverTime.exclude_controllers' not found, using default value 'false' instead.
2026-05-20 12:04:41,093 INFO o.a.j.r.c.ReportGeneratorConfiguration: Property 'jmeter.reportgenerator.exporter.json.filters_only_sample_series' not found, using default value 'true' instead.
2026-05-20 12:04:41,093 INFO o.a.j.r.c.ReportGeneratorConfiguration: Property 'jmeter.reportgenerator.exporter.json.series_filter' not found, using default value '' instead.
2026-05-20 12:04:41,093 INFO o.a.j.r.c.ReportGeneratorConfiguration: Property 'jmeter.reportgenerator.exporter.json.show_controllers_only' not found, using default value 'false' instead.
2026-05-20 12:04:41,093 INFO o.a.j.r.c.ReportGeneratorConfiguration: Property 'jmeter.reportgenerator.exporter.html.filters_only_sample_series' not found, using default value 'true' instead.
2026-05-20 12:04:41,093 INFO o.a.j.r.c.ReportGeneratorConfiguration: Property 'jmeter.reportgenerator.exporter.html.series_filter' not found, using default value '' instead.
2026-05-20 12:04:41,093 INFO o.a.j.r.c.ReportGeneratorConfiguration: Property 'jmeter.reportgenerator.exporter.html.show_controllers_only' not found, using default value 'false' instead.
2026-05-20 12:04:41,110 INFO o.a.j.e.StandardJMeterEngine: Running the test!
2026-05-20 12:04:41,110 INFO o.a.j.s.SampleEvent: List of sample_variables: []
2026-05-20 12:04:41,110 INFO o.a.j.s.SampleEvent: List of sample_variables: []
2026-05-20 12:04:41,116 INFO o.a.j.e.u.CompoundVariable: Note: Function class names must contain the string: '.functions.'
2026-05-20 12:04:41,116 INFO o.a.j.e.u.CompoundVariable: Note: Function class names must not contain the string: '.gui.'
2026-05-20 12:04:41,191 INFO o.a.j.r.ClassFinder: Will scan jar C:\jmeter\apache-jmeter-5.6.3\lib\ext\jmeter-plugins-casutg-3.1.1.jar with filter ExtendsClassFilter [parents=[interface org.apache.jmeter.functions.Function], inner=false, contains=null, notContains=null]. Consider exposing JMeter plugins via META-INF/services, and add JMeter-Skip-Class-Scanning=true manifest attribute so JMeter can skip classfile scanning
2026-05-20 12:04:41,204 INFO o.a.j.r.ClassFinder: Will scan jar C:\jmeter\apache-jmeter-5.6.3\lib\ext\jmeter-plugins-functions-2.2.jar with filter ExtendsClassFilter [parents=[interface org.apache.jmeter.functions.Function], inner=false, contains=null, notContains=null]. Consider exposing JMeter plugins via META-INF/services, and add JMeter-Skip-Class-Scanning=true manifest attribute so JMeter can skip classfile scanning
2026-05-20 12:04:41,206 INFO o.a.j.r.ClassFinder: Will scan jar C:\jmeter\apache-jmeter-5.6.3\lib\ext\jmeter-plugins-ffw-2.0.jar with filter ExtendsClassFilter [parents=[interface org.apache.jmeter.functions.Function], inner=false, contains=null, notContains=null]. Consider exposing JMeter plugins via META-INF/services, and add JMeter-Skip-Class-Scanning=true manifest attribute so JMeter can skip classfile scanning
2026-05-20 12:04:41,210 INFO o.a.j.r.ClassFinder: Will scan jar C:\jmeter\apache-jmeter-5.6.3\lib\ext\jmeter-plugins-perfmon-2.1.jar with filter ExtendsClassFilter [parents=[interface org.apache.jmeter.functions.Function], inner=false, contains=null, notContains=null]. Consider exposing JMeter plugins via META-INF/services, and add JMeter-Skip-Class-Scanning=true manifest attribute so JMeter can skip classfile scanning
2026-05-20 12:04:41,216 INFO o.a.j.r.ClassFinder: Will scan jar C:\jmeter\apache-jmeter-5.6.3\lib\ext\jmeter-plugins-manager-1.12.jar with filter ExtendsClassFilter [parents=[interface org.apache.jmeter.functions.Function], inner=false, contains=null, notContains=null]. Consider exposing JMeter plugins via META-INF/services, and add JMeter-Skip-Class-Scanning=true manifest attribute so JMeter can skip classfile scanning
2026-05-20 12:04:41,319 INFO o.a.j.r.ClassFinder: Will scan jar C:\jmeter\apache-jmeter-5.6.3\lib\ext\jmeter-plugins-graphs-basic-2.0.jar with filter ExtendsClassFilter [parents=[interface org.apache.jmeter.functions.Function], inner=false, contains=null, notContains=null]. Consider exposing JMeter plugins via META-INF/services, and add JMeter-Skip-Class-Scanning=true manifest attribute so JMeter can skip classfile scanning
2026-05-20 12:04:41,325 INFO o.a.j.r.ClassFinder: Will scan jar C:\jmeter\apache-jmeter-5.6.3\lib\ext\jmeter-plugins-dummy-0.4.jar with filter ExtendsClassFilter [parents=[interface org.apache.jmeter.functions.Function], inner=false, contains=null, notContains=null]. Consider exposing JMeter plugins via META-INF/services, and add JMeter-Skip-Class-Scanning=true manifest attribute so JMeter can skip classfile scanning
2026-05-20 12:04:41,326 INFO o.a.j.r.ClassFinder: Will scan jar C:\jmeter\apache-jmeter-5.6.3\lib\ext\jmeter-plugins-tst-2.6.jar with filter ExtendsClassFilter [parents=[interface org.apache.jmeter.functions.Function], inner=false, contains=null, notContains=null]. Consider exposing JMeter plugins via META-INF/services, and add JMeter-Skip-Class-Scanning=true manifest attribute so JMeter can skip classfile scanning
2026-05-20 12:04:41,330 INFO o.a.j.r.ClassFinder: Will scan jar C:\jmeter\apache-jmeter-5.6.3\lib\ext\jmeter-plugins-fifo-0.2.jar with filter ExtendsClassFilter [parents=[interface org.apache.jmeter.functions.Function], inner=false, contains=null, notContains=null]. Consider exposing JMeter plugins via META-INF/services, and add JMeter-Skip-Class-Scanning=true manifest attribute so JMeter can skip classfile scanning
2026-05-20 12:04:41,347 INFO o.a.j.JMeter: Running test (1779267881347)
2026-05-20 12:04:41,360 INFO o.a.j.e.StandardJMeterEngine: Starting ThreadGroup: 1 : Thread Group
2026-05-20 12:04:41,360 INFO o.a.j.e.StandardJMeterEngine: Starting 20 threads for group Thread Group.
2026-05-20 12:04:41,360 INFO o.a.j.e.StandardJMeterEngine: Thread will continue on error
2026-05-20 12:04:41,360 INFO o.a.j.t.ThreadGroup: Starting thread group... number=1 threads=20 ramp-up=10 delayedStart=false
2026-05-20 12:04:41,380 INFO o.a.j.t.ThreadGroup: Started thread group number 1
2026-05-20 12:04:41,380 INFO o.a.j.e.StandardJMeterEngine: All thread groups have been started
2026-05-20 12:04:41,455 INFO o.a.j.t.JMeterThread: Thread started: Thread Group 1-1
2026-05-20 12:04:41,460 INFO o.a.j.s.FileServer: Stored: C:\jmeter\jmeter-performance-testing\test-data\dynamic_content.csv
2026-05-20 12:04:41,511 INFO o.a.j.p.h.s.HTTPHCAbstractImpl: Local host = Danilk
2026-05-20 12:04:41,518 INFO o.a.j.p.h.s.HTTPHC4Impl: HTTP request retry count = 0
2026-05-20 12:04:41,520 INFO o.a.j.s.SampleResult: Note: Sample TimeStamps are START times
2026-05-20 12:04:41,520 INFO o.a.j.s.SampleResult: sampleresult.default.encoding is set to UTF-8
2026-05-20 12:04:41,520 INFO o.a.j.s.SampleResult: sampleresult.useNanoTime=true
2026-05-20 12:04:41,520 INFO o.a.j.s.SampleResult: sampleresult.nanoThreadSleep=5000
2026-05-20 12:04:41,664 INFO o.a.j.p.h.s.h.LazyLayeredConnectionSocketFactory: Setting up HTTPS TrustAll Socket Factory
2026-05-20 12:04:41,671 INFO o.a.j.u.JsseSSLManager: Using default SSL protocol: TLS
2026-05-20 12:04:41,671 INFO o.a.j.u.JsseSSLManager: SSL session context: per-thread
2026-05-20 12:04:41,951 INFO o.a.j.u.SSLManager: JmeterKeyStore Location:  type JKS
2026-05-20 12:04:41,952 INFO o.a.j.t.JMeterThread: Thread started: Thread Group 1-2
2026-05-20 12:04:41,954 INFO o.a.j.u.SSLManager: KeyStore created OK
2026-05-20 12:04:41,954 WARN o.a.j.u.SSLManager: Keystore file not found, loading empty keystore
2026-05-20 12:04:42,452 INFO o.a.j.t.JMeterThread: Thread started: Thread Group 1-3
2026-05-20 12:04:42,599 INFO o.a.j.t.JMeterThread: Thread is done: Thread Group 1-1
2026-05-20 12:04:42,599 INFO o.a.j.t.JMeterThread: Thread is done: Thread Group 1-2
2026-05-20 12:04:42,599 INFO o.a.j.t.JMeterThread: Thread finished: Thread Group 1-1
2026-05-20 12:04:42,599 INFO o.a.j.t.JMeterThread: Thread finished: Thread Group 1-2
2026-05-20 12:04:42,953 INFO o.a.j.t.JMeterThread: Thread is done: Thread Group 1-3
2026-05-20 12:04:42,953 INFO o.a.j.t.JMeterThread: Thread started: Thread Group 1-4
2026-05-20 12:04:42,953 INFO o.a.j.t.JMeterThread: Thread finished: Thread Group 1-3
2026-05-20 12:04:43,450 INFO o.a.j.t.JMeterThread: Thread started: Thread Group 1-5
2026-05-20 12:04:43,452 INFO o.a.j.t.JMeterThread: Thread is done: Thread Group 1-4
2026-05-20 12:04:43,452 INFO o.a.j.t.JMeterThread: Thread finished: Thread Group 1-4
2026-05-20 12:04:43,949 INFO o.a.j.t.JMeterThread: Thread is done: Thread Group 1-5
2026-05-20 12:04:43,949 INFO o.a.j.t.JMeterThread: Thread finished: Thread Group 1-5
2026-05-20 12:04:43,957 INFO o.a.j.t.JMeterThread: Thread started: Thread Group 1-6
2026-05-20 12:04:44,446 INFO o.a.j.t.JMeterThread: Thread started: Thread Group 1-7
2026-05-20 12:04:44,459 INFO o.a.j.t.JMeterThread: Thread is done: Thread Group 1-6
2026-05-20 12:04:44,459 INFO o.a.j.t.JMeterThread: Thread finished: Thread Group 1-6
2026-05-20 12:04:44,948 INFO o.a.j.t.JMeterThread: Thread started: Thread Group 1-8
2026-05-20 12:04:44,948 INFO o.a.j.t.JMeterThread: Thread is done: Thread Group 1-7
2026-05-20 12:04:44,949 INFO o.a.j.t.JMeterThread: Thread finished: Thread Group 1-7
2026-05-20 12:04:45,446 INFO o.a.j.t.JMeterThread: Thread is done: Thread Group 1-8
2026-05-20 12:04:45,448 INFO o.a.j.t.JMeterThread: Thread finished: Thread Group 1-8
2026-05-20 12:04:45,448 INFO o.a.j.t.JMeterThread: Thread started: Thread Group 1-9
2026-05-20 12:04:45,953 INFO o.a.j.t.JMeterThread: Thread is done: Thread Group 1-9
2026-05-20 12:04:45,953 INFO o.a.j.t.JMeterThread: Thread finished: Thread Group 1-9
2026-05-20 12:04:45,954 INFO o.a.j.t.JMeterThread: Thread started: Thread Group 1-10
2026-05-20 12:04:46,459 INFO o.a.j.t.JMeterThread: Thread started: Thread Group 1-11
2026-05-20 12:04:46,467 INFO o.a.j.t.JMeterThread: Thread is done: Thread Group 1-10
2026-05-20 12:04:46,467 INFO o.a.j.t.JMeterThread: Thread finished: Thread Group 1-10
2026-05-20 12:04:46,953 INFO o.a.j.t.JMeterThread: Thread started: Thread Group 1-12
2026-05-20 12:04:46,988 INFO o.a.j.t.JMeterThread: Thread is done: Thread Group 1-11
2026-05-20 12:04:46,988 INFO o.a.j.t.JMeterThread: Thread finished: Thread Group 1-11
2026-05-20 12:04:47,440 INFO o.a.j.t.JMeterThread: Thread started: Thread Group 1-13
2026-05-20 12:04:47,464 INFO o.a.j.t.JMeterThread: Thread is done: Thread Group 1-12
2026-05-20 12:04:47,467 INFO o.a.j.t.JMeterThread: Thread finished: Thread Group 1-12
2026-05-20 12:04:47,949 INFO o.a.j.t.JMeterThread: Thread started: Thread Group 1-14
2026-05-20 12:04:47,959 INFO o.a.j.t.JMeterThread: Thread is done: Thread Group 1-13
2026-05-20 12:04:47,963 INFO o.a.j.t.JMeterThread: Thread finished: Thread Group 1-13
2026-05-20 12:04:48,444 INFO o.a.j.t.JMeterThread: Thread is done: Thread Group 1-14
2026-05-20 12:04:48,444 INFO o.a.j.t.JMeterThread: Thread finished: Thread Group 1-14
2026-05-20 12:04:48,446 INFO o.a.j.t.JMeterThread: Thread started: Thread Group 1-15
2026-05-20 12:04:48,944 INFO o.a.j.t.JMeterThread: Thread started: Thread Group 1-16
2026-05-20 12:04:48,951 INFO o.a.j.t.JMeterThread: Thread is done: Thread Group 1-15
2026-05-20 12:04:48,951 INFO o.a.j.t.JMeterThread: Thread finished: Thread Group 1-15
2026-05-20 12:04:49,453 INFO o.a.j.t.JMeterThread: Thread started: Thread Group 1-17
2026-05-20 12:04:49,465 INFO o.a.j.t.JMeterThread: Thread is done: Thread Group 1-16
2026-05-20 12:04:49,467 INFO o.a.j.t.JMeterThread: Thread finished: Thread Group 1-16
2026-05-20 12:04:49,942 INFO o.a.j.t.JMeterThread: Thread started: Thread Group 1-18
2026-05-20 12:04:49,961 INFO o.a.j.t.JMeterThread: Thread is done: Thread Group 1-17
2026-05-20 12:04:49,963 INFO o.a.j.t.JMeterThread: Thread finished: Thread Group 1-17
2026-05-20 12:04:50,448 INFO o.a.j.t.JMeterThread: Thread started: Thread Group 1-19
2026-05-20 12:04:50,453 INFO o.a.j.t.JMeterThread: Thread is done: Thread Group 1-18
2026-05-20 12:04:50,454 INFO o.a.j.t.JMeterThread: Thread finished: Thread Group 1-18
2026-05-20 12:04:50,954 INFO o.a.j.t.JMeterThread: Thread started: Thread Group 1-20
2026-05-20 12:04:50,962 INFO o.a.j.t.JMeterThread: Thread is done: Thread Group 1-19
2026-05-20 12:04:50,962 INFO o.a.j.t.JMeterThread: Thread finished: Thread Group 1-19
2026-05-20 12:04:51,461 INFO o.a.j.t.JMeterThread: Thread is done: Thread Group 1-20
2026-05-20 12:04:51,462 INFO o.a.j.t.JMeterThread: Thread finished: Thread Group 1-20
2026-05-20 12:04:51,464 INFO o.a.j.e.StandardJMeterEngine: Notifying test listeners of end of test
2026-05-20 12:04:51,464 INFO o.a.j.s.FileServer: Close: C:\jmeter\jmeter-performance-testing\test-data\dynamic_content.csv
2026-05-20 12:04:51,468 INFO o.a.j.r.Summariser: summary =     20 in 00:00:10 =    2.0/s Avg:   534 Min:   488 Max:   992 Err:     0 (0.00%)
2026-05-20 12:04:51,471 INFO o.a.j.JMeter: Generating Dashboard
2026-05-20 12:04:51,471 INFO o.a.j.r.d.ReportGenerator: Flushing result collector before report Generation
2026-05-20 12:04:51,524 INFO o.a.j.r.p.NormalizerSampleConsumer: Using format, 'ms', to parse timeStamp field
2026-05-20 12:04:51,625 INFO o.a.j.r.p.AbstractSampleConsumer: class org.apache.jmeter.report.processor.AggregateConsumer#stopProducing(): beginDate produced 0 samples
2026-05-20 12:04:51,625 INFO o.a.j.r.p.AbstractSampleConsumer: class org.apache.jmeter.report.processor.AggregateConsumer#stopProducing(): endDate produced 0 samples
2026-05-20 12:04:51,629 INFO o.a.j.r.p.AbstractSampleConsumer: class org.apache.jmeter.report.processor.ApdexSummaryConsumer#stopProducing(): apdexSummary produced 0 samples
2026-05-20 12:04:51,630 INFO o.a.j.r.p.AbstractSampleConsumer: class org.apache.jmeter.report.processor.RequestsSummaryConsumer#stopProducing(): requestsSummary produced 0 samples
2026-05-20 12:04:51,638 INFO o.a.j.r.p.AbstractSampleConsumer: class org.apache.jmeter.report.processor.StatisticsSummaryConsumer#stopProducing(): statisticsSummary produced 0 samples
2026-05-20 12:04:51,641 INFO o.a.j.r.p.AbstractSampleConsumer: class org.apache.jmeter.report.processor.Top5ErrorsBySamplerConsumer#stopProducing(): top5ErrorsBySampler produced 0 samples
2026-05-20 12:04:51,641 INFO o.a.j.r.p.AbstractSampleConsumer: class org.apache.jmeter.report.processor.ErrorsSummaryConsumer#stopProducing(): errorsSummary produced 0 samples
2026-05-20 12:04:51,641 INFO o.a.j.r.p.AbstractSampleConsumer: class org.apache.jmeter.report.processor.graph.impl.HitsPerSecondGraphConsumer#stopProducing(): hitsPerSecond produced 0 samples
2026-05-20 12:04:51,693 INFO o.a.j.r.p.AbstractSampleConsumer: class org.apache.jmeter.report.processor.graph.impl.LatencyVSRequestGraphConsumer#stopProducing(): latencyVsRequest produced 0 samples
2026-05-20 12:04:51,697 INFO o.a.j.r.p.AbstractSampleConsumer: class org.apache.jmeter.report.processor.graph.impl.SyntheticResponseTimeDistributionGraphConsumer#stopProducing(): syntheticResponseTimeDistribution produced 0 samples
2026-05-20 12:04:51,697 INFO o.a.j.r.p.AbstractSampleConsumer: class org.apache.jmeter.report.processor.graph.impl.BytesThroughputGraphConsumer#stopProducing(): bytesThroughputOverTime produced 0 samples
2026-05-20 12:04:51,697 INFO o.a.j.r.p.AbstractSampleConsumer: class org.apache.jmeter.report.processor.graph.impl.CodesPerSecondGraphConsumer#stopProducing(): codesPerSecond produced 0 samples
2026-05-20 12:04:51,706 INFO o.a.j.r.p.AbstractSampleConsumer: class org.apache.jmeter.report.processor.graph.impl.ResponseTimeVSRequestGraphConsumer#stopProducing(): responseTimeVsRequest produced 0 samples
2026-05-20 12:04:51,706 INFO o.a.j.r.p.AbstractSampleConsumer: class org.apache.jmeter.report.processor.FilterConsumer#stopProducing(): startIntervalControlerFilter produced 140 samples
2026-05-20 12:04:51,706 INFO o.a.j.r.p.AbstractSampleConsumer: class org.apache.jmeter.report.processor.graph.impl.TotalTPSGraphConsumer#stopProducing(): totalTPS produced 0 samples
2026-05-20 12:04:51,706 INFO o.a.j.r.p.AbstractSampleConsumer: class org.apache.jmeter.report.processor.graph.impl.ActiveThreadsGraphConsumer#stopProducing(): activeThreadsOverTime produced 0 samples
2026-05-20 12:04:51,706 INFO o.a.j.r.p.AbstractSampleConsumer: class org.apache.jmeter.report.processor.graph.impl.TimeVSThreadGraphConsumer#stopProducing(): timeVsThreads produced 0 samples
2026-05-20 12:04:51,706 INFO o.a.j.r.p.AbstractSampleConsumer: class org.apache.jmeter.report.processor.graph.impl.ResponseTimeDistributionGraphConsumer#stopProducing(): responseTimeDistribution produced 0 samples
2026-05-20 12:04:51,706 INFO o.a.j.r.p.AbstractSampleConsumer: class org.apache.jmeter.report.processor.graph.impl.TransactionsPerSecondGraphConsumer#stopProducing(): transactionsPerSecond produced 0 samples
2026-05-20 12:04:51,706 INFO o.a.j.r.p.AbstractSampleConsumer: class org.apache.jmeter.report.processor.graph.impl.ResponseTimePercentilesGraphConsumer#stopProducing(): responseTimePercentiles produced 0 samples
2026-05-20 12:04:51,710 INFO o.a.j.r.p.AbstractSampleConsumer: class org.apache.jmeter.report.processor.graph.impl.ResponseTimePercentilesOverTimeGraphConsumer#stopProducing(): responseTimePercentilesOverTime produced 0 samples
2026-05-20 12:04:51,710 INFO o.a.j.r.p.AbstractSampleConsumer: class org.apache.jmeter.report.processor.graph.impl.ResponseTimeOverTimeGraphConsumer#stopProducing(): responseTimesOverTime produced 0 samples
2026-05-20 12:04:51,710 INFO o.a.j.r.p.AbstractSampleConsumer: class org.apache.jmeter.report.processor.graph.impl.ConnectTimeOverTimeGraphConsumer#stopProducing(): connectTimeOverTime produced 0 samples
2026-05-20 12:04:51,710 INFO o.a.j.r.p.AbstractSampleConsumer: class org.apache.jmeter.report.processor.graph.impl.LatencyOverTimeGraphConsumer#stopProducing(): latenciesOverTime produced 0 samples
2026-05-20 12:04:51,710 INFO o.a.j.r.p.AbstractSampleConsumer: class org.apache.jmeter.report.processor.FilterConsumer#stopProducing(): nameFilter produced 300 samples
2026-05-20 12:04:51,710 INFO o.a.j.r.p.AbstractSampleConsumer: class org.apache.jmeter.report.processor.FilterConsumer#stopProducing(): dateRangeFilter produced 60 samples
2026-05-20 12:04:51,710 INFO o.a.j.r.p.AbstractSampleConsumer: class org.apache.jmeter.report.processor.NormalizerSampleConsumer#stopProducing(): normalizer produced 20 samples
2026-05-20 12:04:51,713 INFO o.a.j.r.p.CsvFileSampleSource: produce(): 20 samples produced in 141ms on channel 0
2026-05-20 12:04:51,713 INFO o.a.j.r.d.ReportGenerator: Exporting data using exporter:'json' of className:'org.apache.jmeter.report.dashboard.JsonExporter'
2026-05-20 12:04:51,875 INFO o.a.j.r.d.JsonExporter: Found data for consumer statisticsSummary in context
2026-05-20 12:04:51,875 INFO o.a.j.r.d.JsonExporter: Creating statistics for overall
2026-05-20 12:04:51,875 INFO o.a.j.r.d.JsonExporter: Creating statistics for other transactions
2026-05-20 12:04:51,875 INFO o.a.j.r.d.JsonExporter: Checking output folder
2026-05-20 12:04:51,878 INFO o.a.j.r.d.JsonExporter: Writing statistics JSON to C:\jmeter\jmeter-performance-testing\reports\html_report_task4_endurance\statistics.json
2026-05-20 12:04:51,986 INFO o.a.j.r.d.ReportGenerator: Exporting data using exporter:'html' of className:'org.apache.jmeter.report.dashboard.HtmlTemplateExporter'
2026-05-20 12:04:51,992 INFO o.a.j.r.d.HtmlTemplateExporter: Will generate dashboard in folder: C:\jmeter\jmeter-performance-testing\reports\html_report_task4_endurance
2026-05-20 12:04:52,222 INFO o.a.j.r.d.HtmlTemplateExporter: Report will be generated in: C:\jmeter\jmeter-performance-testing\reports\html_report_task4_endurance, creating folder structure
2026-05-20 12:04:52,226 INFO o.a.j.r.d.TemplateVisitor: Copying folder from 'C:\jmeter\apache-jmeter-5.6.3\bin\report-template' to 'C:\jmeter\jmeter-performance-testing\reports\html_report_task4_endurance', got message: C:\jmeter\jmeter-performance-testing\reports\html_report_task4_endurance, found non empty folder with following content [C:\jmeter\jmeter-performance-testing\reports\html_report_task4_endurance\statistics.json], will be ignored
2026-05-20 12:04:53,243 INFO o.a.j.JMeter: Dashboard generated
